<?xml version="1.0" encoding="UTF-8"?>
<testsuite xmlns:xsi="http://www.w3.org/2001/XMLSchema-instance" xsi:noNamespaceSchemaLocation="https://maven.apache.org/surefire/maven-surefire-plugin/xsd/surefire-test-report-3.0.xsd" version="3.0" name="com.example.wwsflotte.WwsflotteApplicationTests" time="5.449" tests="1" errors="0" skipped="0" failures="0">
  <properties>
[...]
</properties>
  <testcase name="contextLoads" classname="com.example.wwsflotte.WwsflotteApplicationTests" time="0.513">
    <system-out><![CDATA[10:55:44.770 [main] INFO org.springframework.test.context.support.AnnotationConfigContextLoaderUtils -- Could not detect default configuration classes for test class [com.example.wwsflotte.WwsflotteApplicationTests]: WwsflotteApplicationTests does not declare any static, non-private, non-final, nested classes annotated with @Configuration.
10:55:44.900 [main] INFO org.springframework.boot.test.context.SpringBootTestContextBootstrapper -- Found @SpringBootConfiguration com.example.wwsflotte.WwsflotteApplication for test class com.example.wwsflotte.WwsflotteApplicationTests

  .   ____          _            __ _ _
 /\\ / ___'_ __ _ _(_)_ __  __ _ \ \ \ \
( ( )\___ | '_ | '_| | '_ \/ _` | \ \ \ \
 \\/  ___)| |_)| | | | | || (_| |  ) ) ) )
  '  |____| .__|_| |_|_| |_\__, | / / / /
 =========|_|==============|___/=/_/_/_/
 :: Spring Boot ::                (v3.1.5)

2023-11-10T10:55:45.314+03:00  INFO 69513 --- [           main] c.e.wwsflotte.WwsflotteApplicationTests  : Starting WwsflotteApplicationTests using Java 19.0.2 with PID 69513 (started by mertina in /home/mertina/Bureau/L3/S5/web/wwsflotte)
2023-11-10T10:55:45.316+03:00  INFO 69513 --- [           main] c.e.wwsflotte.WwsflotteApplicationTests  : No active profile set, falling back to 1 default profile: "default"
2023-11-10T10:55:45.991+03:00  INFO 69513 --- [           main] .s.d.r.c.RepositoryConfigurationDelegate : Bootstrapping Spring Data JPA repositories in DEFAULT mode.
2023-11-10T10:55:46.056+03:00  INFO 69513 --- [           main] .s.d.r.c.RepositoryConfigurationDelegate : Finished Spring Data repository scanning in 57 ms. Found 4 JPA repository interfaces.
2023-11-10T10:55:46.573+03:00  INFO 69513 --- [           main] o.hibernate.jpa.internal.util.LogHelper  : HHH000204: Processing PersistenceUnitInfo [name: default]
2023-11-10T10:55:46.622+03:00  INFO 69513 --- [           main] org.hibernate.Version                    : HHH000412: Hibernate ORM core version 6.2.13.Final
2023-11-10T10:55:46.625+03:00  INFO 69513 --- [           main] org.hibernate.cfg.Environment            : HHH000406: Using bytecode reflection optimizer
2023-11-10T10:55:46.852+03:00  INFO 69513 --- [           main] o.s.o.j.p.SpringPersistenceUnitInfo      : No LoadTimeWeaver setup: ignoring JPA class transformer
2023-11-10T10:55:46.876+03:00  INFO 69513 --- [           main] com.zaxxer.hikari.HikariDataSource       : HikariPool-1 - Starting...
2023-11-10T10:55:47.202+03:00  INFO 69513 --- [           main] com.zaxxer.hikari.pool.HikariPool        : HikariPool-1 - Added connection org.postgresql.jdbc.PgConnection@5dfc2a4
2023-11-10T10:55:47.204+03:00  INFO 69513 --- [           main] com.zaxxer.hikari.HikariDataSource       : HikariPool-1 - Start completed.
2023-11-10T10:55:47.241+03:00  WARN 69513 --- [           main] org.hibernate.orm.deprecation            : HHH90000025: PostgreSQLDialect does not need to be specified explicitly using 'hibernate.dialect' (remove the property setting and it will be selected by default)
2023-11-10T10:55:48.190+03:00  INFO 69513 --- [           main] o.h.e.t.j.p.i.JtaPlatformInitiator       : HHH000489: No JTA platform available (set 'hibernate.transaction.jta.platform' to enable JTA platform integration)
Hibernate: 
    alter table if exists utilisateur 
       add column password varchar(255)
Hibernate: 
    alter table if exists utilisateur 
       add column role varchar(255) check (role in ('USER','ADMIN'))
Hibernate: 
    create sequence utilisateur_seq start with 1 increment by 50
2023-11-10T10:55:48.259+03:00  INFO 69513 --- [           main] j.LocalContainerEntityManagerFactoryBean : Initialized JPA EntityManagerFactory for persistence unit 'default'
2023-11-10T10:55:48.579+03:00  INFO 69513 --- [           main] o.s.d.j.r.query.QueryEnhancerFactory     : Hibernate is in classpath; If applicable, HQL parser will be used.
2023-11-10T10:55:48.763+03:00  WARN 69513 --- [           main] JpaBaseConfiguration$JpaWebConfiguration : spring.jpa.open-in-view is enabled by default. Therefore, database queries may be performed during view rendering. Explicitly configure spring.jpa.open-in-view to disable this warning
2023-11-10T10:55:49.284+03:00  WARN 69513 --- [           main] .s.s.UserDetailsServiceAutoConfiguration : 

Using generated security password: 7ea14266-5e01-432d-94ec-37608daaa405

This generated password is for development use only. Your security configuration must be updated before running your application in production.

2023-11-10T10:55:49.426+03:00  INFO 69513 --- [           main] o.s.s.web.DefaultSecurityFilterChain     : Will secure any request with [org.springframework.security.web.session.DisableEncodeUrlFilter@488c6c98, org.springframework.security.web.context.request.async.WebAsyncManagerIntegrationFilter@2530baf6, org.springframework.security.web.context.SecurityContextHolderFilter@7bbd944e, org.springframework.security.web.header.HeaderWriterFilter@43735ea0, org.springframework.security.web.csrf.CsrfFilter@17f7a1af, org.springframework.security.web.authentication.logout.LogoutFilter@2bd158ea, org.springframework.security.web.authentication.UsernamePasswordAuthenticationFilter@3792fed8, org.springframework.security.web.authentication.ui.DefaultLoginPageGeneratingFilter@5f32de90, org.springframework.security.web.authentication.ui.DefaultLogoutPageGeneratingFilter@1e7797db, org.springframework.security.web.authentication.www.BasicAuthenticationFilter@79e28671, org.springframework.security.web.savedrequest.RequestCacheAwareFilter@2480acc3, org.springframework.security.web.servletapi.SecurityContextHolderAwareRequestFilter@4960b819, org.springframework.security.web.authentication.AnonymousAuthenticationFilter@4402ed61, org.springframework.security.web.access.ExceptionTranslationFilter@247415be, org.springframework.security.web.access.intercept.AuthorizationFilter@5e1e19af]
2023-11-10T10:55:49.484+03:00  INFO 69513 --- [           main] c.e.wwsflotte.WwsflotteApplicationTests  : Started WwsflotteApplicationTests in 4.423 seconds (process running for 5.458)
]]></system-out>
  </testcase>
</testsuite>